-------------------------------------------------------------------------------
Test set: com.tutorial.crud.CrudApplicationTests
-------------------------------------------------------------------------------
Tests run: 1, Failures: 0, Errors: 1, Skipped: 0, Time elapsed: 0.548 s <<< FAILURE! - in com.tutorial.crud.CrudApplicationTests
com.tutorial.crud.CrudApplicationTests  Time elapsed: 0.545 s  <<< ERROR!
java.lang.IllegalStateException: Unable to find a @SpringBootConfiguration, you need to use @ContextConfiguration or @SpringBootTest(classes=...) with your test

